Reading netlist file: "E:\Projects\Electronics\VLSI\FPGA\tang_nano_9k\tn9k_digital_clock\impl\gwsynthesis\tn9k_digital_clock.vg"
Parsing netlist file "E:\Projects\Electronics\VLSI\FPGA\tang_nano_9k\tn9k_digital_clock\impl\gwsynthesis\tn9k_digital_clock.vg" completed
Processing netlist completed
Reading constraint file: "E:\Projects\Electronics\VLSI\FPGA\tang_nano_9k\tn9k_digital_clock\src\tn9k_digital_clock.cst"
Physical Constraint parsed completed
Running placement......
[10%] Placement Phase 0 completed
[20%] Placement Phase 1 completed
[30%] Placement Phase 2 completed
[50%] Placement Phase 3 completed
Running routing......
[60%] Routing Phase 0 completed
[70%] Routing Phase 1 completed
[80%] Routing Phase 2 completed
[90%] Routing Phase 3 completed
Running timing analysis......
[95%] Timing analysis completed
Placement and routing completed
Bitstream generation in progress......
Bitstream generation completed
Running power analysis......
[100%] Power analysis completed
Generate file "E:\Projects\Electronics\VLSI\FPGA\tang_nano_9k\tn9k_digital_clock\impl\pnr\tn9k_digital_clock.power.html" completed
Generate file "E:\Projects\Electronics\VLSI\FPGA\tang_nano_9k\tn9k_digital_clock\impl\pnr\tn9k_digital_clock.pin.html" completed
Generate file "E:\Projects\Electronics\VLSI\FPGA\tang_nano_9k\tn9k_digital_clock\impl\pnr\tn9k_digital_clock.rpt.html" completed
Generate file "E:\Projects\Electronics\VLSI\FPGA\tang_nano_9k\tn9k_digital_clock\impl\pnr\tn9k_digital_clock.rpt.txt" completed
Generate file "E:\Projects\Electronics\VLSI\FPGA\tang_nano_9k\tn9k_digital_clock\impl\pnr\tn9k_digital_clock.tr.html" completed
Sun Jan 22 23:44:35 2023

